<?xml version="1.0" encoding="UTF-8"?>
<testsuite xmlns:xsi="http://www.w3.org/2001/XMLSchema-instance" xsi:noNamespaceSchemaLocation="https://maven.apache.org/surefire/maven-surefire-plugin/xsd/surefire-test-report.xsd" name="com.IRS.optaplanner.FuzzyWuzzyTest" time="4.63" tests="1" errors="1" skipped="0" failures="0">
  <properties>
    <property name="sun.desktop" value="windows"/>
    <property name="awt.toolkit" value="sun.awt.windows.WToolkit"/>
    <property name="java.specification.version" value="11"/>
    <property name="sun.cpu.isalist" value="amd64"/>
    <property name="sun.jnu.encoding" value="GBK"/>
    <property name="java.class.path" value="D:\NUS\IS\IRS_practice_module\javaworkspace\optaplanner\target\test-classes;D:\NUS\IS\IRS_practice_module\javaworkspace\optaplanner\target\classes;C:\Users\Administrator\.m2\repository\org\kie\kie-api\7.10.0.Final\kie-api-7.10.0.Final.jar;C:\Users\Administrator\.m2\repository\org\kie\soup\kie-soup-maven-support\7.10.0.Final\kie-soup-maven-support-7.10.0.Final.jar;C:\Users\Administrator\.m2\repository\org\slf4j\slf4j-api\1.7.25\slf4j-api-1.7.25.jar;C:\Users\Administrator\.m2\repository\org\kie\kie-internal\7.10.0.Final\kie-internal-7.10.0.Final.jar;C:\Users\Administrator\.m2\repository\javax\annotation\javax.annotation-api\1.2\javax.annotation-api-1.2.jar;C:\Users\Administrator\.m2\repository\org\optaplanner\optaplanner-core\7.10.0.Final\optaplanner-core-7.10.0.Final.jar;C:\Users\Administrator\.m2\repository\org\drools\drools-compiler\7.10.0.Final\drools-compiler-7.10.0.Final.jar;C:\Users\Administrator\.m2\repository\org\antlr\antlr-runtime\3.5.2\antlr-runtime-3.5.2.jar;C:\Users\Administrator\.m2\repository\org\eclipse\jdt\core\compiler\ecj\4.4.2\ecj-4.4.2.jar;C:\Users\Administrator\.m2\repository\org\apache\commons\commons-lang3\3.4\commons-lang3-3.4.jar;C:\Users\Administrator\.m2\repository\org\apache\commons\commons-math3\3.4.1\commons-math3-3.4.1.jar;C:\Users\Administrator\.m2\repository\com\google\guava\guava\20.0\guava-20.0.jar;C:\Users\Administrator\.m2\repository\org\reflections\reflections\0.9.11\reflections-0.9.11.jar;C:\Users\Administrator\.m2\repository\org\optaplanner\optaplanner-persistence-jaxb\7.10.0.Final\optaplanner-persistence-jaxb-7.10.0.Final.jar;C:\Users\Administrator\.m2\repository\org\optaplanner\optaplanner-persistence-common\7.10.0.Final\optaplanner-persistence-common-7.10.0.Final.jar;C:\Users\Administrator\.m2\repository\org\jboss\spec\javax\xml\bind\jboss-jaxb-api_2.2_spec\1.0.4.Final\jboss-jaxb-api_2.2_spec-1.0.4.Final.jar;C:\Users\Administrator\.m2\repository\com\sun\xml\bind\jaxb-core\2.2.11\jaxb-core-2.2.11.jar;C:\Users\Administrator\.m2\repository\com\sun\xml\bind\jaxb-impl\2.2.11\jaxb-impl-2.2.11.jar;C:\Users\Administrator\.m2\repository\javax\activation\activation\1.1.1\activation-1.1.1.jar;C:\Users\Administrator\.m2\repository\info\debatty\java-string-similarity\2.0.0\java-string-similarity-2.0.0.jar;C:\Users\Administrator\.m2\repository\net\jcip\jcip-annotations\1.0\jcip-annotations-1.0.jar;C:\Users\Administrator\.m2\repository\org\drools\drools-core\7.10.0.Final\drools-core-7.10.0.Final.jar;C:\Users\Administrator\.m2\repository\org\mvel\mvel2\2.4.0.Final\mvel2-2.4.0.Final.jar;C:\Users\Administrator\.m2\repository\org\kie\soup\kie-soup-commons\7.10.0.Final\kie-soup-commons-7.10.0.Final.jar;C:\Users\Administrator\.m2\repository\org\kie\soup\kie-soup-project-datamodel-commons\7.10.0.Final\kie-soup-project-datamodel-commons-7.10.0.Final.jar;C:\Users\Administrator\.m2\repository\org\kie\soup\kie-soup-project-datamodel-api\7.10.0.Final\kie-soup-project-datamodel-api-7.10.0.Final.jar;C:\Users\Administrator\.m2\repository\commons-codec\commons-codec\1.10\commons-codec-1.10.jar;C:\Users\Administrator\.m2\repository\org\drools\drools-decisiontables\7.10.0.Final\drools-decisiontables-7.10.0.Final.jar;C:\Users\Administrator\.m2\repository\org\drools\drools-templates\7.10.0.Final\drools-templates-7.10.0.Final.jar;C:\Users\Administrator\.m2\repository\org\apache\poi\poi-ooxml\3.15\poi-ooxml-3.15.jar;C:\Users\Administrator\.m2\repository\org\apache\poi\poi-ooxml-schemas\3.15\poi-ooxml-schemas-3.15.jar;C:\Users\Administrator\.m2\repository\org\apache\xmlbeans\xmlbeans\2.6.0\xmlbeans-2.6.0.jar;C:\Users\Administrator\.m2\repository\com\github\virtuald\curvesapi\1.04\curvesapi-1.04.jar;C:\Users\Administrator\.m2\repository\javax\xml\stream\stax-api\1.0-2\stax-api-1.0-2.jar;C:\Users\Administrator\.m2\repository\org\apache\poi\poi\3.15\poi-3.15.jar;C:\Users\Administrator\.m2\repository\org\apache\commons\commons-collections4\4.1\commons-collections4-4.1.jar;C:\Users\Administrator\.m2\repository\junit\junit\4.13.1\junit-4.13.1.jar;C:\Users\Administrator\.m2\repository\org\hamcrest\hamcrest-core\1.3\hamcrest-core-1.3.jar;C:\Users\Administrator\.m2\repository\me\xdrop\fuzzywuzzy\1.3.1\fuzzywuzzy-1.3.1.jar;C:\Users\Administrator\.m2\repository\com\thoughtworks\xstream\xstream\1.4.17\xstream-1.4.17.jar;C:\Users\Administrator\.m2\repository\io\github\x-stream\mxparser\1.2.1\mxparser-1.2.1.jar;C:\Users\Administrator\.m2\repository\xmlpull\xmlpull\1.1.3.1\xmlpull-1.1.3.1.jar;C:\Users\Administrator\.m2\repository\mysql\mysql-connector-java\8.0.26\mysql-connector-java-8.0.26.jar;C:\Users\Administrator\.m2\repository\com\google\protobuf\protobuf-java\3.11.4\protobuf-java-3.11.4.jar;C:\Users\Administrator\.m2\repository\org\jbpm\jbpm-test\7.10.0.Final\jbpm-test-7.10.0.Final.jar;C:\Users\Administrator\.m2\repository\org\jbpm\jbpm-bpmn2\7.10.0.Final\jbpm-bpmn2-7.10.0.Final.jar;C:\Users\Administrator\.m2\repository\org\jbpm\jbpm-flow-builder\7.10.0.Final\jbpm-flow-builder-7.10.0.Final.jar;C:\Users\Administrator\.m2\repository\org\jbpm\jbpm-flow\7.10.0.Final\jbpm-flow-7.10.0.Final.jar;C:\Users\Administrator\.m2\repository\org\kie\kie-dmn-api\7.10.0.Final\kie-dmn-api-7.10.0.Final.jar;C:\Users\Administrator\.m2\repository\org\kie\kie-dmn-feel\7.10.0.Final\kie-dmn-feel-7.10.0.Final.jar;C:\Users\Administrator\.m2\repository\org\kie\kie-dmn-model\7.10.0.Final\kie-dmn-model-7.10.0.Final.jar;C:\Users\Administrator\.m2\repository\org\antlr\antlr4-runtime\4.5.3\antlr4-runtime-4.5.3.jar;C:\Users\Administrator\.m2\repository\org\drools\drlx-parser\7.10.0.Final\drlx-parser-7.10.0.Final.jar;C:\Users\Administrator\.m2\repository\org\kie\kie-dmn-core\7.10.0.Final\kie-dmn-core-7.10.0.Final.jar;C:\Users\Administrator\.m2\repository\org\kie\kie-dmn-backend\7.10.0.Final\kie-dmn-backend-7.10.0.Final.jar;C:\Users\Administrator\.m2\repository\org\drools\drools-canonical-model\7.10.0.Final\drools-canonical-model-7.10.0.Final.jar;C:\Users\Administrator\.m2\repository\org\drools\drools-model-compiler\7.10.0.Final\drools-model-compiler-7.10.0.Final.jar;C:\Users\Administrator\.m2\repository\org\jbpm\jbpm-persistence-jpa\7.10.0.Final\jbpm-persistence-jpa-7.10.0.Final.jar;C:\Users\Administrator\.m2\repository\org\jbpm\jbpm-persistence-api\7.10.0.Final\jbpm-persistence-api-7.10.0.Final.jar;C:\Users\Administrator\.m2\repository\org\drools\drools-persistence-jpa\7.10.0.Final\drools-persistence-jpa-7.10.0.Final.jar;C:\Users\Administrator\.m2\repository\org\drools\drools-persistence-api\7.10.0.Final\drools-persistence-api-7.10.0.Final.jar;C:\Users\Administrator\.m2\repository\org\jbpm\jbpm-audit\7.10.0.Final\jbpm-audit-7.10.0.Final.jar;C:\Users\Administrator\.m2\repository\org\jbpm\jbpm-query-jpa\7.10.0.Final\jbpm-query-jpa-7.10.0.Final.jar;C:\Users\Administrator\.m2\repository\org\jbpm\jbpm-human-task-core\7.10.0.Final\jbpm-human-task-core-7.10.0.Final.jar;C:\Users\Administrator\.m2\repository\org\jboss\spec\javax\annotation\jboss-annotations-api_1.2_spec\1.0.0.Final\jboss-annotations-api_1.2_spec-1.0.0.Final.jar;C:\Users\Administrator\.m2\repository\javax\mail\mail\1.4.5\mail-1.4.5.jar;C:\Users\Administrator\.m2\repository\com\fasterxml\jackson\core\jackson-annotations\2.8.9\jackson-annotations-2.8.9.jar;C:\Users\Administrator\.m2\repository\com\fasterxml\jackson\core\jackson-core\2.8.9\jackson-core-2.8.9.jar;C:\Users\Administrator\.m2\repository\com\fasterxml\jackson\core\jackson-databind\2.8.9\jackson-databind-2.8.9.jar;C:\Users\Administrator\.m2\repository\org\slf4j\jcl-over-slf4j\1.7.25\jcl-over-slf4j-1.7.25.jar;C:\Users\Administrator\.m2\repository\org\jbpm\jbpm-human-task-workitems\7.10.0.Final\jbpm-human-task-workitems-7.10.0.Final.jar;C:\Users\Administrator\.m2\repository\org\jbpm\jbpm-shared-services\7.10.0.Final\jbpm-shared-services-7.10.0.Final.jar;C:\Users\Administrator\.m2\repository\org\jbpm\jbpm-runtime-manager\7.10.0.Final\jbpm-runtime-manager-7.10.0.Final.jar;C:\Users\Administrator\.m2\repository\org\eclipse\aether\aether-api\1.1.0\aether-api-1.1.0.jar;C:\Users\Administrator\.m2\repository\org\jbpm\jbpm-human-task-audit\7.10.0.Final\jbpm-human-task-audit-7.10.0.Final.jar;C:\Users\Administrator\.m2\repository\org\jbpm\jbpm-human-task-jpa\7.10.0.Final\jbpm-human-task-jpa-7.10.0.Final.jar;C:\Users\Administrator\.m2\repository\org\codehaus\jackson\jackson-core-asl\1.9.13\jackson-core-asl-1.9.13.jar;C:\Users\Administrator\.m2\repository\com\h2database\h2\1.3.173\h2-1.3.173.jar;C:\Users\Administrator\.m2\repository\org\hibernate\hibernate-entitymanager\5.1.10.Final\hibernate-entitymanager-5.1.10.Final.jar;C:\Users\Administrator\.m2\repository\org\jboss\logging\jboss-logging\3.3.0.Final\jboss-logging-3.3.0.Final.jar;C:\Users\Administrator\.m2\repository\dom4j\dom4j\1.6.1\dom4j-1.6.1.jar;C:\Users\Administrator\.m2\repository\xml-apis\xml-apis\1.0.b2\xml-apis-1.0.b2.jar;C:\Users\Administrator\.m2\repository\org\hibernate\common\hibernate-commons-annotations\5.0.1.Final\hibernate-commons-annotations-5.0.1.Final.jar;C:\Users\Administrator\.m2\repository\org\hibernate\hibernate-core\5.1.10.Final\hibernate-core-5.1.10.Final.jar;C:\Users\Administrator\.m2\repository\antlr\antlr\2.7.7\antlr-2.7.7.jar;C:\Users\Administrator\.m2\repository\org\jboss\jandex\2.0.3.Final\jandex-2.0.3.Final.jar;C:\Users\Administrator\.m2\repository\com\fasterxml\classmate\1.3.0\classmate-1.3.0.jar;C:\Users\Administrator\.m2\repository\org\hibernate\javax\persistence\hibernate-jpa-2.1-api\1.0.0.Final\hibernate-jpa-2.1-api-1.0.0.Final.jar;C:\Users\Administrator\.m2\repository\org\jboss\narayana\jta\narayana-jta\5.6.4.Final\narayana-jta-5.6.4.Final.jar;C:\Users\Administrator\.m2\repository\org\jboss\jboss-transaction-spi\7.6.0.Final\jboss-transaction-spi-7.6.0.Final.jar;C:\Users\Administrator\.m2\repository\org\jboss\spec\javax\resource\jboss-connector-api_1.7_spec\1.0.0.Final\jboss-connector-api_1.7_spec-1.0.0.Final.jar;C:\Users\Administrator\.m2\repository\org\javassist\javassist\3.20.0-GA\javassist-3.20.0-GA.jar;C:\Users\Administrator\.m2\repository\org\jboss\spec\javax\transaction\jboss-transaction-api_1.2_spec\1.0.1.Final\jboss-transaction-api_1.2_spec-1.0.1.Final.jar;C:\Users\Administrator\.m2\repository\org\jbpm\jbpm-test-util\7.10.0.Final\jbpm-test-util-7.10.0.Final.jar;C:\Users\Administrator\.m2\repository\simple-jndi\simple-jndi\0.11.4.1\simple-jndi-0.11.4.1.jar;C:\Users\Administrator\.m2\repository\org\ini4j\ini4j\0.5.4\ini4j-0.5.4.jar;"/>
    <property name="java.vm.vendor" value="Oracle Corporation"/>
    <property name="sun.arch.data.model" value="64"/>
    <property name="user.variant" value=""/>
    <property name="java.vendor.url" value="https://openjdk.java.net/"/>
    <property name="user.timezone" value="Asia/Shanghai"/>
    <property name="java.vm.specification.version" value="11"/>
    <property name="os.name" value="Windows 10"/>
    <property name="sun.java.launcher" value="SUN_STANDARD"/>
    <property name="user.country" value="CN"/>
    <property name="sun.boot.library.path" value="D:\NUS\java\jdk-11.0.12\bin"/>
    <property name="sun.java.command" value="C:\Users\ADMINI~1\AppData\Local\Temp\surefire16262328036142589173\surefirebooter10222998569361446328.jar C:\Users\Administrator\AppData\Local\Temp\surefire16262328036142589173 2021-10-19T22-42-38_128-jvmRun1 surefire8989498032235937962tmp surefire_09517692408075811617tmp"/>
    <property name="jdk.debug" value="release"/>
    <property name="surefire.test.class.path" value="D:\NUS\IS\IRS_practice_module\javaworkspace\optaplanner\target\test-classes;D:\NUS\IS\IRS_practice_module\javaworkspace\optaplanner\target\classes;C:\Users\Administrator\.m2\repository\org\kie\kie-api\7.10.0.Final\kie-api-7.10.0.Final.jar;C:\Users\Administrator\.m2\repository\org\kie\soup\kie-soup-maven-support\7.10.0.Final\kie-soup-maven-support-7.10.0.Final.jar;C:\Users\Administrator\.m2\repository\org\slf4j\slf4j-api\1.7.25\slf4j-api-1.7.25.jar;C:\Users\Administrator\.m2\repository\org\kie\kie-internal\7.10.0.Final\kie-internal-7.10.0.Final.jar;C:\Users\Administrator\.m2\repository\javax\annotation\javax.annotation-api\1.2\javax.annotation-api-1.2.jar;C:\Users\Administrator\.m2\repository\org\optaplanner\optaplanner-core\7.10.0.Final\optaplanner-core-7.10.0.Final.jar;C:\Users\Administrator\.m2\repository\org\drools\drools-compiler\7.10.0.Final\drools-compiler-7.10.0.Final.jar;C:\Users\Administrator\.m2\repository\org\antlr\antlr-runtime\3.5.2\antlr-runtime-3.5.2.jar;C:\Users\Administrator\.m2\repository\org\eclipse\jdt\core\compiler\ecj\4.4.2\ecj-4.4.2.jar;C:\Users\Administrator\.m2\repository\org\apache\commons\commons-lang3\3.4\commons-lang3-3.4.jar;C:\Users\Administrator\.m2\repository\org\apache\commons\commons-math3\3.4.1\commons-math3-3.4.1.jar;C:\Users\Administrator\.m2\repository\com\google\guava\guava\20.0\guava-20.0.jar;C:\Users\Administrator\.m2\repository\org\reflections\reflections\0.9.11\reflections-0.9.11.jar;C:\Users\Administrator\.m2\repository\org\optaplanner\optaplanner-persistence-jaxb\7.10.0.Final\optaplanner-persistence-jaxb-7.10.0.Final.jar;C:\Users\Administrator\.m2\repository\org\optaplanner\optaplanner-persistence-common\7.10.0.Final\optaplanner-persistence-common-7.10.0.Final.jar;C:\Users\Administrator\.m2\repository\org\jboss\spec\javax\xml\bind\jboss-jaxb-api_2.2_spec\1.0.4.Final\jboss-jaxb-api_2.2_spec-1.0.4.Final.jar;C:\Users\Administrator\.m2\repository\com\sun\xml\bind\jaxb-core\2.2.11\jaxb-core-2.2.11.jar;C:\Users\Administrator\.m2\repository\com\sun\xml\bind\jaxb-impl\2.2.11\jaxb-impl-2.2.11.jar;C:\Users\Administrator\.m2\repository\javax\activation\activation\1.1.1\activation-1.1.1.jar;C:\Users\Administrator\.m2\repository\info\debatty\java-string-similarity\2.0.0\java-string-similarity-2.0.0.jar;C:\Users\Administrator\.m2\repository\net\jcip\jcip-annotations\1.0\jcip-annotations-1.0.jar;C:\Users\Administrator\.m2\repository\org\drools\drools-core\7.10.0.Final\drools-core-7.10.0.Final.jar;C:\Users\Administrator\.m2\repository\org\mvel\mvel2\2.4.0.Final\mvel2-2.4.0.Final.jar;C:\Users\Administrator\.m2\repository\org\kie\soup\kie-soup-commons\7.10.0.Final\kie-soup-commons-7.10.0.Final.jar;C:\Users\Administrator\.m2\repository\org\kie\soup\kie-soup-project-datamodel-commons\7.10.0.Final\kie-soup-project-datamodel-commons-7.10.0.Final.jar;C:\Users\Administrator\.m2\repository\org\kie\soup\kie-soup-project-datamodel-api\7.10.0.Final\kie-soup-project-datamodel-api-7.10.0.Final.jar;C:\Users\Administrator\.m2\repository\commons-codec\commons-codec\1.10\commons-codec-1.10.jar;C:\Users\Administrator\.m2\repository\org\drools\drools-decisiontables\7.10.0.Final\drools-decisiontables-7.10.0.Final.jar;C:\Users\Administrator\.m2\repository\org\drools\drools-templates\7.10.0.Final\drools-templates-7.10.0.Final.jar;C:\Users\Administrator\.m2\repository\org\apache\poi\poi-ooxml\3.15\poi-ooxml-3.15.jar;C:\Users\Administrator\.m2\repository\org\apache\poi\poi-ooxml-schemas\3.15\poi-ooxml-schemas-3.15.jar;C:\Users\Administrator\.m2\repository\org\apache\xmlbeans\xmlbeans\2.6.0\xmlbeans-2.6.0.jar;C:\Users\Administrator\.m2\repository\com\github\virtuald\curvesapi\1.04\curvesapi-1.04.jar;C:\Users\Administrator\.m2\repository\javax\xml\stream\stax-api\1.0-2\stax-api-1.0-2.jar;C:\Users\Administrator\.m2\repository\org\apache\poi\poi\3.15\poi-3.15.jar;C:\Users\Administrator\.m2\repository\org\apache\commons\commons-collections4\4.1\commons-collections4-4.1.jar;C:\Users\Administrator\.m2\repository\junit\junit\4.13.1\junit-4.13.1.jar;C:\Users\Administrator\.m2\repository\org\hamcrest\hamcrest-core\1.3\hamcrest-core-1.3.jar;C:\Users\Administrator\.m2\repository\me\xdrop\fuzzywuzzy\1.3.1\fuzzywuzzy-1.3.1.jar;C:\Users\Administrator\.m2\repository\com\thoughtworks\xstream\xstream\1.4.17\xstream-1.4.17.jar;C:\Users\Administrator\.m2\repository\io\github\x-stream\mxparser\1.2.1\mxparser-1.2.1.jar;C:\Users\Administrator\.m2\repository\xmlpull\xmlpull\1.1.3.1\xmlpull-1.1.3.1.jar;C:\Users\Administrator\.m2\repository\mysql\mysql-connector-java\8.0.26\mysql-connector-java-8.0.26.jar;C:\Users\Administrator\.m2\repository\com\google\protobuf\protobuf-java\3.11.4\protobuf-java-3.11.4.jar;C:\Users\Administrator\.m2\repository\org\jbpm\jbpm-test\7.10.0.Final\jbpm-test-7.10.0.Final.jar;C:\Users\Administrator\.m2\repository\org\jbpm\jbpm-bpmn2\7.10.0.Final\jbpm-bpmn2-7.10.0.Final.jar;C:\Users\Administrator\.m2\repository\org\jbpm\jbpm-flow-builder\7.10.0.Final\jbpm-flow-builder-7.10.0.Final.jar;C:\Users\Administrator\.m2\repository\org\jbpm\jbpm-flow\7.10.0.Final\jbpm-flow-7.10.0.Final.jar;C:\Users\Administrator\.m2\repository\org\kie\kie-dmn-api\7.10.0.Final\kie-dmn-api-7.10.0.Final.jar;C:\Users\Administrator\.m2\repository\org\kie\kie-dmn-feel\7.10.0.Final\kie-dmn-feel-7.10.0.Final.jar;C:\Users\Administrator\.m2\repository\org\kie\kie-dmn-model\7.10.0.Final\kie-dmn-model-7.10.0.Final.jar;C:\Users\Administrator\.m2\repository\org\antlr\antlr4-runtime\4.5.3\antlr4-runtime-4.5.3.jar;C:\Users\Administrator\.m2\repository\org\drools\drlx-parser\7.10.0.Final\drlx-parser-7.10.0.Final.jar;C:\Users\Administrator\.m2\repository\org\kie\kie-dmn-core\7.10.0.Final\kie-dmn-core-7.10.0.Final.jar;C:\Users\Administrator\.m2\repository\org\kie\kie-dmn-backend\7.10.0.Final\kie-dmn-backend-7.10.0.Final.jar;C:\Users\Administrator\.m2\repository\org\drools\drools-canonical-model\7.10.0.Final\drools-canonical-model-7.10.0.Final.jar;C:\Users\Administrator\.m2\repository\org\drools\drools-model-compiler\7.10.0.Final\drools-model-compiler-7.10.0.Final.jar;C:\Users\Administrator\.m2\repository\org\jbpm\jbpm-persistence-jpa\7.10.0.Final\jbpm-persistence-jpa-7.10.0.Final.jar;C:\Users\Administrator\.m2\repository\org\jbpm\jbpm-persistence-api\7.10.0.Final\jbpm-persistence-api-7.10.0.Final.jar;C:\Users\Administrator\.m2\repository\org\drools\drools-persistence-jpa\7.10.0.Final\drools-persistence-jpa-7.10.0.Final.jar;C:\Users\Administrator\.m2\repository\org\drools\drools-persistence-api\7.10.0.Final\drools-persistence-api-7.10.0.Final.jar;C:\Users\Administrator\.m2\repository\org\jbpm\jbpm-audit\7.10.0.Final\jbpm-audit-7.10.0.Final.jar;C:\Users\Administrator\.m2\repository\org\jbpm\jbpm-query-jpa\7.10.0.Final\jbpm-query-jpa-7.10.0.Final.jar;C:\Users\Administrator\.m2\repository\org\jbpm\jbpm-human-task-core\7.10.0.Final\jbpm-human-task-core-7.10.0.Final.jar;C:\Users\Administrator\.m2\repository\org\jboss\spec\javax\annotation\jboss-annotations-api_1.2_spec\1.0.0.Final\jboss-annotations-api_1.2_spec-1.0.0.Final.jar;C:\Users\Administrator\.m2\repository\javax\mail\mail\1.4.5\mail-1.4.5.jar;C:\Users\Administrator\.m2\repository\com\fasterxml\jackson\core\jackson-annotations\2.8.9\jackson-annotations-2.8.9.jar;C:\Users\Administrator\.m2\repository\com\fasterxml\jackson\core\jackson-core\2.8.9\jackson-core-2.8.9.jar;C:\Users\Administrator\.m2\repository\com\fasterxml\jackson\core\jackson-databind\2.8.9\jackson-databind-2.8.9.jar;C:\Users\Administrator\.m2\repository\org\slf4j\jcl-over-slf4j\1.7.25\jcl-over-slf4j-1.7.25.jar;C:\Users\Administrator\.m2\repository\org\jbpm\jbpm-human-task-workitems\7.10.0.Final\jbpm-human-task-workitems-7.10.0.Final.jar;C:\Users\Administrator\.m2\repository\org\jbpm\jbpm-shared-services\7.10.0.Final\jbpm-shared-services-7.10.0.Final.jar;C:\Users\Administrator\.m2\repository\org\jbpm\jbpm-runtime-manager\7.10.0.Final\jbpm-runtime-manager-7.10.0.Final.jar;C:\Users\Administrator\.m2\repository\org\eclipse\aether\aether-api\1.1.0\aether-api-1.1.0.jar;C:\Users\Administrator\.m2\repository\org\jbpm\jbpm-human-task-audit\7.10.0.Final\jbpm-human-task-audit-7.10.0.Final.jar;C:\Users\Administrator\.m2\repository\org\jbpm\jbpm-human-task-jpa\7.10.0.Final\jbpm-human-task-jpa-7.10.0.Final.jar;C:\Users\Administrator\.m2\repository\org\codehaus\jackson\jackson-core-asl\1.9.13\jackson-core-asl-1.9.13.jar;C:\Users\Administrator\.m2\repository\com\h2database\h2\1.3.173\h2-1.3.173.jar;C:\Users\Administrator\.m2\repository\org\hibernate\hibernate-entitymanager\5.1.10.Final\hibernate-entitymanager-5.1.10.Final.jar;C:\Users\Administrator\.m2\repository\org\jboss\logging\jboss-logging\3.3.0.Final\jboss-logging-3.3.0.Final.jar;C:\Users\Administrator\.m2\repository\dom4j\dom4j\1.6.1\dom4j-1.6.1.jar;C:\Users\Administrator\.m2\repository\xml-apis\xml-apis\1.0.b2\xml-apis-1.0.b2.jar;C:\Users\Administrator\.m2\repository\org\hibernate\common\hibernate-commons-annotations\5.0.1.Final\hibernate-commons-annotations-5.0.1.Final.jar;C:\Users\Administrator\.m2\repository\org\hibernate\hibernate-core\5.1.10.Final\hibernate-core-5.1.10.Final.jar;C:\Users\Administrator\.m2\repository\antlr\antlr\2.7.7\antlr-2.7.7.jar;C:\Users\Administrator\.m2\repository\org\jboss\jandex\2.0.3.Final\jandex-2.0.3.Final.jar;C:\Users\Administrator\.m2\repository\com\fasterxml\classmate\1.3.0\classmate-1.3.0.jar;C:\Users\Administrator\.m2\repository\org\hibernate\javax\persistence\hibernate-jpa-2.1-api\1.0.0.Final\hibernate-jpa-2.1-api-1.0.0.Final.jar;C:\Users\Administrator\.m2\repository\org\jboss\narayana\jta\narayana-jta\5.6.4.Final\narayana-jta-5.6.4.Final.jar;C:\Users\Administrator\.m2\repository\org\jboss\jboss-transaction-spi\7.6.0.Final\jboss-transaction-spi-7.6.0.Final.jar;C:\Users\Administrator\.m2\repository\org\jboss\spec\javax\resource\jboss-connector-api_1.7_spec\1.0.0.Final\jboss-connector-api_1.7_spec-1.0.0.Final.jar;C:\Users\Administrator\.m2\repository\org\javassist\javassist\3.20.0-GA\javassist-3.20.0-GA.jar;C:\Users\Administrator\.m2\repository\org\jboss\spec\javax\transaction\jboss-transaction-api_1.2_spec\1.0.1.Final\jboss-transaction-api_1.2_spec-1.0.1.Final.jar;C:\Users\Administrator\.m2\repository\org\jbpm\jbpm-test-util\7.10.0.Final\jbpm-test-util-7.10.0.Final.jar;C:\Users\Administrator\.m2\repository\simple-jndi\simple-jndi\0.11.4.1\simple-jndi-0.11.4.1.jar;C:\Users\Administrator\.m2\repository\org\ini4j\ini4j\0.5.4\ini4j-0.5.4.jar;"/>
    <property name="sun.cpu.endian" value="little"/>
    <property name="user.home" value="C:\Users\Administrator"/>
    <property name="user.language" value="zh"/>
    <property name="java.specification.vendor" value="Oracle Corporation"/>
    <property name="java.version.date" value="2021-07-20"/>
    <property name="java.home" value="D:\NUS\java\jdk-11.0.12"/>
    <property name="file.separator" value="\"/>
    <property name="basedir" value="D:\NUS\IS\IRS_practice_module\javaworkspace\optaplanner"/>
    <property name="java.vm.compressedOopsMode" value="Zero based"/>
    <property name="line.separator" value="&#10;"/>
    <property name="java.specification.name" value="Java Platform API Specification"/>
    <property name="java.vm.specification.vendor" value="Oracle Corporation"/>
    <property name="java.awt.graphicsenv" value="sun.awt.Win32GraphicsEnvironment"/>
    <property name="surefire.real.class.path" value="C:\Users\ADMINI~1\AppData\Local\Temp\surefire16262328036142589173\surefirebooter10222998569361446328.jar"/>
    <property name="user.script" value=""/>
    <property name="sun.management.compiler" value="HotSpot 64-Bit Tiered Compilers"/>
    <property name="java.runtime.version" value="11.0.12+8-LTS-237"/>
    <property name="user.name" value="Administrator"/>
    <property name="path.separator" value=";"/>
    <property name="os.version" value="10.0"/>
    <property name="java.runtime.name" value="Java(TM) SE Runtime Environment"/>
    <property name="file.encoding" value="GBK"/>
    <property name="java.vm.name" value="Java HotSpot(TM) 64-Bit Server VM"/>
    <property name="java.vendor.version" value="18.9"/>
    <property name="localRepository" value="C:\Users\Administrator\.m2\repository"/>
    <property name="java.vendor.url.bug" value="https://bugreport.java.com/bugreport/"/>
    <property name="java.io.tmpdir" value="C:\Users\ADMINI~1\AppData\Local\Temp\"/>
    <property name="java.version" value="11.0.12"/>
    <property name="user.dir" value="D:\NUS\IS\IRS_practice_module\javaworkspace\optaplanner"/>
    <property name="os.arch" value="amd64"/>
    <property name="java.vm.specification.name" value="Java Virtual Machine Specification"/>
    <property name="java.awt.printerjob" value="sun.awt.windows.WPrinterJob"/>
    <property name="sun.os.patch.level" value=""/>
    <property name="java.library.path" value="D:\NUS\java\jdk-11.0.12\bin;C:\Windows\Sun\Java\bin;C:\Windows\system32;C:\Windows;C:\Program Files\NVIDIA GPU Computing Toolkit\CUDA\v11.4\bin;C:\Program Files\NVIDIA GPU Computing Toolkit\CUDA\v11.4\libnvvp;C:\Program Files\Common Files\Oracle\Java\javapath;C:\Program Files (x86)\Common Files\Oracle\Java\javapath;C:\Program Files\NVIDIA GPU Computing Toolkit\CUDA\v11.3\bin;C:\Program Files\NVIDIA GPU Computing Toolkit\CUDA\v11.3\libnvvp;D:\Research\anaconda;D:\Research\anaconda\Library\mingw-w64\bin;D:\Research\anaconda\Library\usr\bin;D:\Research\anaconda\Library\bin;D:\Research\anaconda\Scripts;C:\Windows\system32;C:\Windows;C:\Windows\System32\Wbem;C:\Windows\System32\WindowsPowerShell\v1.0\;C:\Windows\System32\OpenSSH\;C:\Program Files\Microsoft VS Code\bin;D:\bohai_bank\xshell\;D:\ffmpeg-N-101865-g3e16d1c8a6-win64-gpl-shared\bin;C:\Program Files (x86)\NVIDIA Corporation\PhysX\Common;C:\Program Files\NVIDIA Corporation\NVIDIA NvDLISR;D:\NUS\Graphviz\bin;C:\Program Files\Docker\Docker\resources\bin;C:\ProgramData\DockerDesktop\version-bin;D:\NUS\IS\MR\apache-maven-3.8.1\bin;D:\Program files\tomcat\bin;CLASSPATH;D:\NUS\java\jdk-11.0.12\bin;D:\NUS\java\jdk-11.0.12\jre\bin;D:\Program files\tomcat\lib;C:\Program Files\NVIDIA Corporation\Nsight Compute 2021.2.2\;D:\NUS\java\jdk-11.0.12\bin;D:\NUS\java\jdk-11.0.12\jre\bin;C:\Users\Administrator\AppData\Local\Microsoft\WindowsApps;D:\Research\pycharm\PyCharm 2020.2.3\bin;;D:\bohai_bank\apache-ant-1.7.1\bin;D:\ffmpeg-N-101865-g3e16d1c8a6-win64-gpl-shared\bin;D:\NUS\IS\MR\apache-maven-3.8.1\bin;D:\Program files\tomcat\bin;D:\Program files\IDEA\IntelliJ IDEA 2021.2.1\bin;;;."/>
    <property name="java.vendor" value="Oracle Corporation"/>
    <property name="java.vm.info" value="mixed mode"/>
    <property name="java.vm.version" value="11.0.12+8-LTS-237"/>
    <property name="sun.io.unicode.encoding" value="UnicodeLittle"/>
    <property name="java.class.version" value="55.0"/>
  </properties>
  <testcase name="test" classname="com.IRS.optaplanner.FuzzyWuzzyTest" time="4.629">
    <error message="There are errors in a score DRL:&#10;Error Messages:&#10;Message [id=1, kieBase=defaultKieBase, level=ERROR, path=recommendConstraint.drl, line=34, column=0&#10;   text=Rule Compilation error The method reward(RuleContext, int) is undefined for the type HardSoftScoreHolder]&#10;Message [id=2, kieBase=defaultKieBase, level=ERROR, path=recommendConstraint.drl, line=45, column=0&#10;   text=Rule Compilation error The method reward(RuleContext, int) is undefined for the type HardSoftScoreHolder]&#10;Message [id=3, kieBase=defaultKieBase, level=ERROR, path=recommendConstraint.drl, line=12, column=0&#10;   text=Rule Compilation error The method reward(RuleContext, int) is undefined for the type HardSoftScoreHolder]&#10;Message [id=4, kieBase=defaultKieBase, level=ERROR, path=recommendConstraint.drl, line=23, column=0&#10;   text=Rule Compilation error The method reward(RuleContext, int) is undefined for the type HardSoftScoreHolder]&#10;---&#10;Warning Messages:&#10;---&#10;Info Messages:&#10;" type="java.lang.IllegalStateException">java.lang.IllegalStateException: 
There are errors in a score DRL:
Error Messages:
Message [id=1, kieBase=defaultKieBase, level=ERROR, path=recommendConstraint.drl, line=34, column=0
   text=Rule Compilation error The method reward(RuleContext, int) is undefined for the type HardSoftScoreHolder]
Message [id=2, kieBase=defaultKieBase, level=ERROR, path=recommendConstraint.drl, line=45, column=0
   text=Rule Compilation error The method reward(RuleContext, int) is undefined for the type HardSoftScoreHolder]
Message [id=3, kieBase=defaultKieBase, level=ERROR, path=recommendConstraint.drl, line=12, column=0
   text=Rule Compilation error The method reward(RuleContext, int) is undefined for the type HardSoftScoreHolder]
Message [id=4, kieBase=defaultKieBase, level=ERROR, path=recommendConstraint.drl, line=23, column=0
   text=Rule Compilation error The method reward(RuleContext, int) is undefined for the type HardSoftScoreHolder]
---
Warning Messages:
---
Info Messages:

	at com.IRS.optaplanner.FuzzyWuzzyTest.test(FuzzyWuzzyTest.java:45)
</error>
    <system-err><![CDATA[SLF4J: Failed to load class "org.slf4j.impl.StaticLoggerBinder".
SLF4J: Defaulting to no-operation (NOP) logger implementation
SLF4J: See http://www.slf4j.org/codes.html#StaticLoggerBinder for further details.
Loading class `com.mysql.jdbc.Driver'. This is deprecated. The new driver class is `com.mysql.cj.jdbc.Driver'. The driver is automatically registered via the SPI and manual loading of the driver class is generally unnecessary.
]]></system-err>
  </testcase>
</testsuite>