<?xml version="1.0" encoding="UTF-8"?>
<testsuite xmlns:xsi="http://www.w3.org/2001/XMLSchema-instance" xsi:noNamespaceSchemaLocation="https://maven.apache.org/surefire/maven-surefire-plugin/xsd/surefire-test-report.xsd" name="com.IRS.optaplanner.AppTest" time="0.053" tests="1" errors="0" skipped="0" failures="0">
  <properties>
    <property name="sun.desktop" value="windows"/>
    <property name="awt.toolkit" value="sun.awt.windows.WToolkit"/>
    <property name="java.specification.version" value="11"/>
    <property name="sun.cpu.isalist" value="amd64"/>
    <property name="sun.jnu.encoding" value="GBK"/>
    <property name="java.class.path" value="D:\NUS\IS\IRS_practice_module\javaworkspace\optaplanner\target\test-classes;D:\NUS\IS\IRS_practice_module\javaworkspace\optaplanner\target\classes;C:\Users\Administrator\.m2\repository\org\kie\kie-api\7.19.0.Final\kie-api-7.19.0.Final.jar;C:\Users\Administrator\.m2\repository\org\kie\soup\kie-soup-maven-support\7.19.0.Final\kie-soup-maven-support-7.19.0.Final.jar;C:\Users\Administrator\.m2\repository\org\slf4j\slf4j-api\1.7.25\slf4j-api-1.7.25.jar;C:\Users\Administrator\.m2\repository\org\kie\kie-internal\7.19.0.Final\kie-internal-7.19.0.Final.jar;C:\Users\Administrator\.m2\repository\javax\annotation\javax.annotation-api\1.2\javax.annotation-api-1.2.jar;C:\Users\Administrator\.m2\repository\org\optaplanner\optaplanner-core\7.19.0.Final\optaplanner-core-7.19.0.Final.jar;C:\Users\Administrator\.m2\repository\org\drools\drools-compiler\7.19.0.Final\drools-compiler-7.19.0.Final.jar;C:\Users\Administrator\.m2\repository\org\antlr\antlr-runtime\3.5.2\antlr-runtime-3.5.2.jar;C:\Users\Administrator\.m2\repository\org\eclipse\jdt\core\compiler\ecj\4.6.1\ecj-4.6.1.jar;C:\Users\Administrator\.m2\repository\org\apache\commons\commons-lang3\3.6\commons-lang3-3.6.jar;C:\Users\Administrator\.m2\repository\org\apache\commons\commons-math3\3.4.1\commons-math3-3.4.1.jar;C:\Users\Administrator\.m2\repository\com\google\guava\guava\25.0-jre\guava-25.0-jre.jar;C:\Users\Administrator\.m2\repository\com\google\code\findbugs\jsr305\1.3.9\jsr305-1.3.9.jar;C:\Users\Administrator\.m2\repository\org\checkerframework\checker-compat-qual\2.0.0\checker-compat-qual-2.0.0.jar;C:\Users\Administrator\.m2\repository\com\google\errorprone\error_prone_annotations\2.1.3\error_prone_annotations-2.1.3.jar;C:\Users\Administrator\.m2\repository\com\google\j2objc\j2objc-annotations\1.1\j2objc-annotations-1.1.jar;C:\Users\Administrator\.m2\repository\org\codehaus\mojo\animal-sniffer-annotations\1.14\animal-sniffer-annotations-1.14.jar;C:\Users\Administrator\.m2\repository\org\reflections\reflections\0.9.11\reflections-0.9.11.jar;C:\Users\Administrator\.m2\repository\org\kie\kie-ci\7.19.0.Final\kie-ci-7.19.0.Final.jar;C:\Users\Administrator\.m2\repository\org\kie\soup\kie-soup-maven-integration\7.19.0.Final\kie-soup-maven-integration-7.19.0.Final.jar;C:\Users\Administrator\.m2\repository\org\apache\maven\maven-artifact\3.3.9\maven-artifact-3.3.9.jar;C:\Users\Administrator\.m2\repository\org\apache\maven\maven-core\3.3.9\maven-core-3.3.9.jar;C:\Users\Administrator\.m2\repository\org\apache\maven\maven-repository-metadata\3.3.9\maven-repository-metadata-3.3.9.jar;C:\Users\Administrator\.m2\repository\org\codehaus\plexus\plexus-interpolation\1.21\plexus-interpolation-1.21.jar;C:\Users\Administrator\.m2\repository\org\codehaus\plexus\plexus-component-annotations\1.6\plexus-component-annotations-1.6.jar;C:\Users\Administrator\.m2\repository\org\apache\maven\maven-model\3.3.9\maven-model-3.3.9.jar;C:\Users\Administrator\.m2\repository\org\apache\maven\maven-model-builder\3.3.9\maven-model-builder-3.3.9.jar;C:\Users\Administrator\.m2\repository\org\apache\maven\maven-builder-support\3.3.9\maven-builder-support-3.3.9.jar;C:\Users\Administrator\.m2\repository\org\apache\maven\maven-plugin-api\3.3.9\maven-plugin-api-3.3.9.jar;C:\Users\Administrator\.m2\repository\org\apache\maven\maven-settings\3.3.9\maven-settings-3.3.9.jar;C:\Users\Administrator\.m2\repository\org\apache\maven\maven-settings-builder\3.3.9\maven-settings-builder-3.3.9.jar;C:\Users\Administrator\.m2\repository\org\apache\maven\maven-compat\3.3.9\maven-compat-3.3.9.jar;C:\Users\Administrator\.m2\repository\org\apache\maven\maven-aether-provider\3.3.9\maven-aether-provider-3.3.9.jar;C:\Users\Administrator\.m2\repository\org\apache\maven\wagon\wagon-provider-api\3.0.0\wagon-provider-api-3.0.0.jar;C:\Users\Administrator\.m2\repository\org\sonatype\plexus\plexus-sec-dispatcher\1.3\plexus-sec-dispatcher-1.3.jar;C:\Users\Administrator\.m2\repository\org\codehaus\plexus\plexus-classworlds\2.5.2\plexus-classworlds-2.5.2.jar;C:\Users\Administrator\.m2\repository\org\codehaus\plexus\plexus-utils\3.0.22\plexus-utils-3.0.22.jar;C:\Users\Administrator\.m2\repository\org\eclipse\aether\aether-api\1.1.0\aether-api-1.1.0.jar;C:\Users\Administrator\.m2\repository\org\eclipse\aether\aether-util\1.1.0\aether-util-1.1.0.jar;C:\Users\Administrator\.m2\repository\org\eclipse\aether\aether-impl\1.1.0\aether-impl-1.1.0.jar;C:\Users\Administrator\.m2\repository\org\eclipse\aether\aether-connector-basic\1.1.0\aether-connector-basic-1.1.0.jar;C:\Users\Administrator\.m2\repository\org\eclipse\aether\aether-spi\1.1.0\aether-spi-1.1.0.jar;C:\Users\Administrator\.m2\repository\org\eclipse\aether\aether-transport-wagon\1.1.0\aether-transport-wagon-1.1.0.jar;C:\Users\Administrator\.m2\repository\org\eclipse\aether\aether-transport-file\1.1.0\aether-transport-file-1.1.0.jar;C:\Users\Administrator\.m2\repository\org\eclipse\aether\aether-transport-http\1.1.0\aether-transport-http-1.1.0.jar;C:\Users\Administrator\.m2\repository\org\apache\httpcomponents\httpclient\4.3.5\httpclient-4.3.5.jar;C:\Users\Administrator\.m2\repository\org\eclipse\sisu\org.eclipse.sisu.plexus\0.3.2\org.eclipse.sisu.plexus-0.3.2.jar;C:\Users\Administrator\.m2\repository\javax\enterprise\cdi-api\1.0\cdi-api-1.0.jar;C:\Users\Administrator\.m2\repository\javax\annotation\jsr250-api\1.0\jsr250-api-1.0.jar;C:\Users\Administrator\.m2\repository\org\eclipse\sisu\org.eclipse.sisu.inject\0.3.2\org.eclipse.sisu.inject-0.3.2.jar;C:\Users\Administrator\.m2\repository\org\apache\ant\ant\1.8.4\ant-1.8.4.jar;C:\Users\Administrator\.m2\repository\org\apache\ant\ant-launcher\1.8.4\ant-launcher-1.8.4.jar;C:\Users\Administrator\.m2\repository\org\apache\maven\wagon\wagon-http\3.0.0\wagon-http-3.0.0.jar;C:\Users\Administrator\.m2\repository\org\apache\maven\wagon\wagon-http-shared\3.0.0\wagon-http-shared-3.0.0.jar;C:\Users\Administrator\.m2\repository\org\jsoup\jsoup\1.7.2\jsoup-1.7.2.jar;C:\Users\Administrator\.m2\repository\commons-io\commons-io\2.5\commons-io-2.5.jar;C:\Users\Administrator\.m2\repository\org\slf4j\jcl-over-slf4j\1.7.25\jcl-over-slf4j-1.7.25.jar;C:\Users\Administrator\.m2\repository\org\apache\httpcomponents\httpcore\4.4.6\httpcore-4.4.6.jar;C:\Users\Administrator\.m2\repository\org\sonatype\plexus\plexus-cipher\1.7\plexus-cipher-1.7.jar;C:\Users\Administrator\.m2\repository\com\google\inject\guice\4.0\guice-4.0-no_aop.jar;C:\Users\Administrator\.m2\repository\javax\inject\javax.inject\1\javax.inject-1.jar;C:\Users\Administrator\.m2\repository\aopalliance\aopalliance\1.0\aopalliance-1.0.jar;C:\Users\Administrator\.m2\repository\org\optaplanner\optaplanner-persistence-jaxb\7.19.0.Final\optaplanner-persistence-jaxb-7.19.0.Final.jar;C:\Users\Administrator\.m2\repository\org\optaplanner\optaplanner-persistence-common\7.19.0.Final\optaplanner-persistence-common-7.19.0.Final.jar;C:\Users\Administrator\.m2\repository\org\jboss\spec\javax\xml\bind\jboss-jaxb-api_2.3_spec\1.0.1.Final\jboss-jaxb-api_2.3_spec-1.0.1.Final.jar;C:\Users\Administrator\.m2\repository\com\sun\xml\bind\jaxb-core\2.3.0\jaxb-core-2.3.0.jar;C:\Users\Administrator\.m2\repository\com\sun\xml\bind\jaxb-impl\2.3.0\jaxb-impl-2.3.0.jar;C:\Users\Administrator\.m2\repository\javax\activation\activation\1.1.1\activation-1.1.1.jar;C:\Users\Administrator\.m2\repository\info\debatty\java-string-similarity\2.0.0\java-string-similarity-2.0.0.jar;C:\Users\Administrator\.m2\repository\net\jcip\jcip-annotations\1.0\jcip-annotations-1.0.jar;C:\Users\Administrator\.m2\repository\org\drools\drools-core\7.19.0.Final\drools-core-7.19.0.Final.jar;C:\Users\Administrator\.m2\repository\org\mvel\mvel2\2.4.4.Final\mvel2-2.4.4.Final.jar;C:\Users\Administrator\.m2\repository\org\kie\soup\kie-soup-commons\7.19.0.Final\kie-soup-commons-7.19.0.Final.jar;C:\Users\Administrator\.m2\repository\org\kie\soup\kie-soup-project-datamodel-commons\7.19.0.Final\kie-soup-project-datamodel-commons-7.19.0.Final.jar;C:\Users\Administrator\.m2\repository\org\kie\soup\kie-soup-project-datamodel-api\7.19.0.Final\kie-soup-project-datamodel-api-7.19.0.Final.jar;C:\Users\Administrator\.m2\repository\commons-codec\commons-codec\1.10\commons-codec-1.10.jar;C:\Users\Administrator\.m2\repository\org\drools\drools-decisiontables\7.19.0.Final\drools-decisiontables-7.19.0.Final.jar;C:\Users\Administrator\.m2\repository\org\drools\drools-templates\7.19.0.Final\drools-templates-7.19.0.Final.jar;C:\Users\Administrator\.m2\repository\org\apache\poi\poi-ooxml\3.17\poi-ooxml-3.17.jar;C:\Users\Administrator\.m2\repository\org\apache\poi\poi-ooxml-schemas\3.17\poi-ooxml-schemas-3.17.jar;C:\Users\Administrator\.m2\repository\org\apache\xmlbeans\xmlbeans\2.6.0\xmlbeans-2.6.0.jar;C:\Users\Administrator\.m2\repository\com\github\virtuald\curvesapi\1.04\curvesapi-1.04.jar;C:\Users\Administrator\.m2\repository\javax\xml\stream\stax-api\1.0-2\stax-api-1.0-2.jar;C:\Users\Administrator\.m2\repository\org\apache\poi\poi\3.17\poi-3.17.jar;C:\Users\Administrator\.m2\repository\org\apache\commons\commons-collections4\4.1\commons-collections4-4.1.jar;C:\Users\Administrator\.m2\repository\junit\junit\4.13.1\junit-4.13.1.jar;C:\Users\Administrator\.m2\repository\org\hamcrest\hamcrest-core\1.3\hamcrest-core-1.3.jar;C:\Users\Administrator\.m2\repository\me\xdrop\fuzzywuzzy\1.3.1\fuzzywuzzy-1.3.1.jar;C:\Users\Administrator\.m2\repository\com\thoughtworks\xstream\xstream\1.4.17\xstream-1.4.17.jar;C:\Users\Administrator\.m2\repository\io\github\x-stream\mxparser\1.2.1\mxparser-1.2.1.jar;C:\Users\Administrator\.m2\repository\xmlpull\xmlpull\1.1.3.1\xmlpull-1.1.3.1.jar;C:\Users\Administrator\.m2\repository\mysql\mysql-connector-java\8.0.26\mysql-connector-java-8.0.26.jar;C:\Users\Administrator\.m2\repository\com\google\protobuf\protobuf-java\3.11.4\protobuf-java-3.11.4.jar;C:\Users\Administrator\.m2\repository\org\jbpm\jbpm-test\7.19.0.Final\jbpm-test-7.19.0.Final.jar;C:\Users\Administrator\.m2\repository\org\jbpm\jbpm-bpmn2\7.19.0.Final\jbpm-bpmn2-7.19.0.Final.jar;C:\Users\Administrator\.m2\repository\org\jbpm\jbpm-flow-builder\7.19.0.Final\jbpm-flow-builder-7.19.0.Final.jar;C:\Users\Administrator\.m2\repository\org\jbpm\jbpm-flow\7.19.0.Final\jbpm-flow-7.19.0.Final.jar;C:\Users\Administrator\.m2\repository\org\kie\kie-dmn-api\7.19.0.Final\kie-dmn-api-7.19.0.Final.jar;C:\Users\Administrator\.m2\repository\org\kie\kie-dmn-feel\7.19.0.Final\kie-dmn-feel-7.19.0.Final.jar;C:\Users\Administrator\.m2\repository\org\kie\kie-dmn-model\7.19.0.Final\kie-dmn-model-7.19.0.Final.jar;C:\Users\Administrator\.m2\repository\org\antlr\antlr4-runtime\4.5.3\antlr4-runtime-4.5.3.jar;C:\Users\Administrator\.m2\repository\com\github\javaparser\javaparser-core\3.10.2\javaparser-core-3.10.2.jar;C:\Users\Administrator\.m2\repository\org\drools\drools-constraint-parser\7.19.0.Final\drools-constraint-parser-7.19.0.Final.jar;C:\Users\Administrator\.m2\repository\ch\obermuhlner\big-math\2.0.1\big-math-2.0.1.jar;C:\Users\Administrator\.m2\repository\org\kie\kie-dmn-core\7.19.0.Final\kie-dmn-core-7.19.0.Final.jar;C:\Users\Administrator\.m2\repository\org\kie\kie-dmn-backend\7.19.0.Final\kie-dmn-backend-7.19.0.Final.jar;C:\Users\Administrator\.m2\repository\org\drools\drools-canonical-model\7.19.0.Final\drools-canonical-model-7.19.0.Final.jar;C:\Users\Administrator\.m2\repository\org\drools\drools-model-compiler\7.19.0.Final\drools-model-compiler-7.19.0.Final.jar;C:\Users\Administrator\.m2\repository\org\jbpm\jbpm-persistence-jpa\7.19.0.Final\jbpm-persistence-jpa-7.19.0.Final.jar;C:\Users\Administrator\.m2\repository\org\jbpm\jbpm-persistence-api\7.19.0.Final\jbpm-persistence-api-7.19.0.Final.jar;C:\Users\Administrator\.m2\repository\org\drools\drools-persistence-jpa\7.19.0.Final\drools-persistence-jpa-7.19.0.Final.jar;C:\Users\Administrator\.m2\repository\org\drools\drools-persistence-api\7.19.0.Final\drools-persistence-api-7.19.0.Final.jar;C:\Users\Administrator\.m2\repository\org\jbpm\jbpm-audit\7.19.0.Final\jbpm-audit-7.19.0.Final.jar;C:\Users\Administrator\.m2\repository\org\jbpm\jbpm-query-jpa\7.19.0.Final\jbpm-query-jpa-7.19.0.Final.jar;C:\Users\Administrator\.m2\repository\org\jbpm\jbpm-human-task-core\7.19.0.Final\jbpm-human-task-core-7.19.0.Final.jar;C:\Users\Administrator\.m2\repository\org\jboss\spec\javax\annotation\jboss-annotations-api_1.2_spec\1.0.0.Final\jboss-annotations-api_1.2_spec-1.0.0.Final.jar;C:\Users\Administrator\.m2\repository\javax\mail\mail\1.4.5\mail-1.4.5.jar;C:\Users\Administrator\.m2\repository\com\fasterxml\jackson\core\jackson-annotations\2.9.5\jackson-annotations-2.9.5.jar;C:\Users\Administrator\.m2\repository\com\fasterxml\jackson\core\jackson-core\2.9.5\jackson-core-2.9.5.jar;C:\Users\Administrator\.m2\repository\com\fasterxml\jackson\core\jackson-databind\2.9.5\jackson-databind-2.9.5.jar;C:\Users\Administrator\.m2\repository\org\jbpm\jbpm-human-task-workitems\7.19.0.Final\jbpm-human-task-workitems-7.19.0.Final.jar;C:\Users\Administrator\.m2\repository\org\jbpm\jbpm-shared-services\7.19.0.Final\jbpm-shared-services-7.19.0.Final.jar;C:\Users\Administrator\.m2\repository\org\jbpm\jbpm-services-api\7.19.0.Final\jbpm-services-api-7.19.0.Final.jar;C:\Users\Administrator\.m2\repository\org\jbpm\jbpm-case-mgmt-api\7.19.0.Final\jbpm-case-mgmt-api-7.19.0.Final.jar;C:\Users\Administrator\.m2\repository\org\jbpm\jbpm-runtime-manager\7.19.0.Final\jbpm-runtime-manager-7.19.0.Final.jar;C:\Users\Administrator\.m2\repository\org\jbpm\jbpm-human-task-audit\7.19.0.Final\jbpm-human-task-audit-7.19.0.Final.jar;C:\Users\Administrator\.m2\repository\org\jbpm\jbpm-human-task-jpa\7.19.0.Final\jbpm-human-task-jpa-7.19.0.Final.jar;C:\Users\Administrator\.m2\repository\com\h2database\h2\1.3.173\h2-1.3.173.jar;C:\Users\Administrator\.m2\repository\org\hibernate\hibernate-entitymanager\5.3.6.Final\hibernate-entitymanager-5.3.6.Final.jar;C:\Users\Administrator\.m2\repository\org\jboss\logging\jboss-logging\3.3.2.Final\jboss-logging-3.3.2.Final.jar;C:\Users\Administrator\.m2\repository\dom4j\dom4j\1.6.1\dom4j-1.6.1.jar;C:\Users\Administrator\.m2\repository\org\hibernate\common\hibernate-commons-annotations\5.0.4.Final\hibernate-commons-annotations-5.0.4.Final.jar;C:\Users\Administrator\.m2\repository\net\bytebuddy\byte-buddy\1.8.17\byte-buddy-1.8.17.jar;C:\Users\Administrator\.m2\repository\org\hibernate\hibernate-core\5.3.6.Final\hibernate-core-5.3.6.Final.jar;C:\Users\Administrator\.m2\repository\antlr\antlr\2.7.7\antlr-2.7.7.jar;C:\Users\Administrator\.m2\repository\org\jboss\jandex\2.0.5.Final\jandex-2.0.5.Final.jar;C:\Users\Administrator\.m2\repository\com\fasterxml\classmate\1.3.4\classmate-1.3.4.jar;C:\Users\Administrator\.m2\repository\javax\activation\javax.activation-api\1.2.0\javax.activation-api-1.2.0.jar;C:\Users\Administrator\.m2\repository\javax\persistence\javax.persistence-api\2.2\javax.persistence-api-2.2.jar;C:\Users\Administrator\.m2\repository\org\jboss\narayana\jta\narayana-jta\5.9.0.Final\narayana-jta-5.9.0.Final.jar;C:\Users\Administrator\.m2\repository\org\jboss\jboss-transaction-spi\7.6.0.Final\jboss-transaction-spi-7.6.0.Final.jar;C:\Users\Administrator\.m2\repository\org\jboss\spec\javax\resource\jboss-connector-api_1.7_spec\1.0.0.Final\jboss-connector-api_1.7_spec-1.0.0.Final.jar;C:\Users\Administrator\.m2\repository\org\javassist\javassist\3.22.0-GA\javassist-3.22.0-GA.jar;C:\Users\Administrator\.m2\repository\org\jboss\spec\javax\transaction\jboss-transaction-api_1.2_spec\1.0.1.Final\jboss-transaction-api_1.2_spec-1.0.1.Final.jar;C:\Users\Administrator\.m2\repository\org\kie\kie-test-util\7.19.0.Final\kie-test-util-7.19.0.Final.jar;C:\Users\Administrator\.m2\repository\commons-collections\commons-collections\3.2.2\commons-collections-3.2.2.jar;C:\Users\Administrator\.m2\repository\org\apache\tomcat\tomcat-dbcp\9.0.13\tomcat-dbcp-9.0.13.jar;C:\Users\Administrator\.m2\repository\org\apache\tomcat\tomcat-juli\9.0.13\tomcat-juli-9.0.13.jar;C:\Users\Administrator\.m2\repository\simple-jndi\simple-jndi\0.11.4.1\simple-jndi-0.11.4.1.jar;C:\Users\Administrator\.m2\repository\ch\qos\logback\logback-classic\1.1.3\logback-classic-1.1.3.jar;C:\Users\Administrator\.m2\repository\ch\qos\logback\logback-core\1.1.3\logback-core-1.1.3.jar;C:\Users\Administrator\.m2\repository\org\jbpm\jbpm-test-util\7.19.0.Final\jbpm-test-util-7.19.0.Final.jar;C:\Users\Administrator\.m2\repository\org\ini4j\ini4j\0.5.4\ini4j-0.5.4.jar;"/>
    <property name="java.vm.vendor" value="Oracle Corporation"/>
    <property name="sun.arch.data.model" value="64"/>
    <property name="user.variant" value=""/>
    <property name="java.vendor.url" value="https://openjdk.java.net/"/>
    <property name="user.timezone" value="Asia/Shanghai"/>
    <property name="java.vm.specification.version" value="11"/>
    <property name="os.name" value="Windows 10"/>
    <property name="sun.java.launcher" value="SUN_STANDARD"/>
    <property name="user.country" value="CN"/>
    <property name="sun.boot.library.path" value="D:\NUS\java\jdk-11.0.12\bin"/>
    <property name="sun.java.command" value="C:\Users\ADMINI~1\AppData\Local\Temp\surefire11072919007112292338\surefirebooter17210895477719718633.jar C:\Users\Administrator\AppData\Local\Temp\surefire11072919007112292338 2021-10-19T23-16-25_898-jvmRun1 surefire1340338944056006395tmp surefire_05486333515648365885tmp"/>
    <property name="jdk.debug" value="release"/>
    <property name="surefire.test.class.path" value="D:\NUS\IS\IRS_practice_module\javaworkspace\optaplanner\target\test-classes;D:\NUS\IS\IRS_practice_module\javaworkspace\optaplanner\target\classes;C:\Users\Administrator\.m2\repository\org\kie\kie-api\7.19.0.Final\kie-api-7.19.0.Final.jar;C:\Users\Administrator\.m2\repository\org\kie\soup\kie-soup-maven-support\7.19.0.Final\kie-soup-maven-support-7.19.0.Final.jar;C:\Users\Administrator\.m2\repository\org\slf4j\slf4j-api\1.7.25\slf4j-api-1.7.25.jar;C:\Users\Administrator\.m2\repository\org\kie\kie-internal\7.19.0.Final\kie-internal-7.19.0.Final.jar;C:\Users\Administrator\.m2\repository\javax\annotation\javax.annotation-api\1.2\javax.annotation-api-1.2.jar;C:\Users\Administrator\.m2\repository\org\optaplanner\optaplanner-core\7.19.0.Final\optaplanner-core-7.19.0.Final.jar;C:\Users\Administrator\.m2\repository\org\drools\drools-compiler\7.19.0.Final\drools-compiler-7.19.0.Final.jar;C:\Users\Administrator\.m2\repository\org\antlr\antlr-runtime\3.5.2\antlr-runtime-3.5.2.jar;C:\Users\Administrator\.m2\repository\org\eclipse\jdt\core\compiler\ecj\4.6.1\ecj-4.6.1.jar;C:\Users\Administrator\.m2\repository\org\apache\commons\commons-lang3\3.6\commons-lang3-3.6.jar;C:\Users\Administrator\.m2\repository\org\apache\commons\commons-math3\3.4.1\commons-math3-3.4.1.jar;C:\Users\Administrator\.m2\repository\com\google\guava\guava\25.0-jre\guava-25.0-jre.jar;C:\Users\Administrator\.m2\repository\com\google\code\findbugs\jsr305\1.3.9\jsr305-1.3.9.jar;C:\Users\Administrator\.m2\repository\org\checkerframework\checker-compat-qual\2.0.0\checker-compat-qual-2.0.0.jar;C:\Users\Administrator\.m2\repository\com\google\errorprone\error_prone_annotations\2.1.3\error_prone_annotations-2.1.3.jar;C:\Users\Administrator\.m2\repository\com\google\j2objc\j2objc-annotations\1.1\j2objc-annotations-1.1.jar;C:\Users\Administrator\.m2\repository\org\codehaus\mojo\animal-sniffer-annotations\1.14\animal-sniffer-annotations-1.14.jar;C:\Users\Administrator\.m2\repository\org\reflections\reflections\0.9.11\reflections-0.9.11.jar;C:\Users\Administrator\.m2\repository\org\kie\kie-ci\7.19.0.Final\kie-ci-7.19.0.Final.jar;C:\Users\Administrator\.m2\repository\org\kie\soup\kie-soup-maven-integration\7.19.0.Final\kie-soup-maven-integration-7.19.0.Final.jar;C:\Users\Administrator\.m2\repository\org\apache\maven\maven-artifact\3.3.9\maven-artifact-3.3.9.jar;C:\Users\Administrator\.m2\repository\org\apache\maven\maven-core\3.3.9\maven-core-3.3.9.jar;C:\Users\Administrator\.m2\repository\org\apache\maven\maven-repository-metadata\3.3.9\maven-repository-metadata-3.3.9.jar;C:\Users\Administrator\.m2\repository\org\codehaus\plexus\plexus-interpolation\1.21\plexus-interpolation-1.21.jar;C:\Users\Administrator\.m2\repository\org\codehaus\plexus\plexus-component-annotations\1.6\plexus-component-annotations-1.6.jar;C:\Users\Administrator\.m2\repository\org\apache\maven\maven-model\3.3.9\maven-model-3.3.9.jar;C:\Users\Administrator\.m2\repository\org\apache\maven\maven-model-builder\3.3.9\maven-model-builder-3.3.9.jar;C:\Users\Administrator\.m2\repository\org\apache\maven\maven-builder-support\3.3.9\maven-builder-support-3.3.9.jar;C:\Users\Administrator\.m2\repository\org\apache\maven\maven-plugin-api\3.3.9\maven-plugin-api-3.3.9.jar;C:\Users\Administrator\.m2\repository\org\apache\maven\maven-settings\3.3.9\maven-settings-3.3.9.jar;C:\Users\Administrator\.m2\repository\org\apache\maven\maven-settings-builder\3.3.9\maven-settings-builder-3.3.9.jar;C:\Users\Administrator\.m2\repository\org\apache\maven\maven-compat\3.3.9\maven-compat-3.3.9.jar;C:\Users\Administrator\.m2\repository\org\apache\maven\maven-aether-provider\3.3.9\maven-aether-provider-3.3.9.jar;C:\Users\Administrator\.m2\repository\org\apache\maven\wagon\wagon-provider-api\3.0.0\wagon-provider-api-3.0.0.jar;C:\Users\Administrator\.m2\repository\org\sonatype\plexus\plexus-sec-dispatcher\1.3\plexus-sec-dispatcher-1.3.jar;C:\Users\Administrator\.m2\repository\org\codehaus\plexus\plexus-classworlds\2.5.2\plexus-classworlds-2.5.2.jar;C:\Users\Administrator\.m2\repository\org\codehaus\plexus\plexus-utils\3.0.22\plexus-utils-3.0.22.jar;C:\Users\Administrator\.m2\repository\org\eclipse\aether\aether-api\1.1.0\aether-api-1.1.0.jar;C:\Users\Administrator\.m2\repository\org\eclipse\aether\aether-util\1.1.0\aether-util-1.1.0.jar;C:\Users\Administrator\.m2\repository\org\eclipse\aether\aether-impl\1.1.0\aether-impl-1.1.0.jar;C:\Users\Administrator\.m2\repository\org\eclipse\aether\aether-connector-basic\1.1.0\aether-connector-basic-1.1.0.jar;C:\Users\Administrator\.m2\repository\org\eclipse\aether\aether-spi\1.1.0\aether-spi-1.1.0.jar;C:\Users\Administrator\.m2\repository\org\eclipse\aether\aether-transport-wagon\1.1.0\aether-transport-wagon-1.1.0.jar;C:\Users\Administrator\.m2\repository\org\eclipse\aether\aether-transport-file\1.1.0\aether-transport-file-1.1.0.jar;C:\Users\Administrator\.m2\repository\org\eclipse\aether\aether-transport-http\1.1.0\aether-transport-http-1.1.0.jar;C:\Users\Administrator\.m2\repository\org\apache\httpcomponents\httpclient\4.3.5\httpclient-4.3.5.jar;C:\Users\Administrator\.m2\repository\org\eclipse\sisu\org.eclipse.sisu.plexus\0.3.2\org.eclipse.sisu.plexus-0.3.2.jar;C:\Users\Administrator\.m2\repository\javax\enterprise\cdi-api\1.0\cdi-api-1.0.jar;C:\Users\Administrator\.m2\repository\javax\annotation\jsr250-api\1.0\jsr250-api-1.0.jar;C:\Users\Administrator\.m2\repository\org\eclipse\sisu\org.eclipse.sisu.inject\0.3.2\org.eclipse.sisu.inject-0.3.2.jar;C:\Users\Administrator\.m2\repository\org\apache\ant\ant\1.8.4\ant-1.8.4.jar;C:\Users\Administrator\.m2\repository\org\apache\ant\ant-launcher\1.8.4\ant-launcher-1.8.4.jar;C:\Users\Administrator\.m2\repository\org\apache\maven\wagon\wagon-http\3.0.0\wagon-http-3.0.0.jar;C:\Users\Administrator\.m2\repository\org\apache\maven\wagon\wagon-http-shared\3.0.0\wagon-http-shared-3.0.0.jar;C:\Users\Administrator\.m2\repository\org\jsoup\jsoup\1.7.2\jsoup-1.7.2.jar;C:\Users\Administrator\.m2\repository\commons-io\commons-io\2.5\commons-io-2.5.jar;C:\Users\Administrator\.m2\repository\org\slf4j\jcl-over-slf4j\1.7.25\jcl-over-slf4j-1.7.25.jar;C:\Users\Administrator\.m2\repository\org\apache\httpcomponents\httpcore\4.4.6\httpcore-4.4.6.jar;C:\Users\Administrator\.m2\repository\org\sonatype\plexus\plexus-cipher\1.7\plexus-cipher-1.7.jar;C:\Users\Administrator\.m2\repository\com\google\inject\guice\4.0\guice-4.0-no_aop.jar;C:\Users\Administrator\.m2\repository\javax\inject\javax.inject\1\javax.inject-1.jar;C:\Users\Administrator\.m2\repository\aopalliance\aopalliance\1.0\aopalliance-1.0.jar;C:\Users\Administrator\.m2\repository\org\optaplanner\optaplanner-persistence-jaxb\7.19.0.Final\optaplanner-persistence-jaxb-7.19.0.Final.jar;C:\Users\Administrator\.m2\repository\org\optaplanner\optaplanner-persistence-common\7.19.0.Final\optaplanner-persistence-common-7.19.0.Final.jar;C:\Users\Administrator\.m2\repository\org\jboss\spec\javax\xml\bind\jboss-jaxb-api_2.3_spec\1.0.1.Final\jboss-jaxb-api_2.3_spec-1.0.1.Final.jar;C:\Users\Administrator\.m2\repository\com\sun\xml\bind\jaxb-core\2.3.0\jaxb-core-2.3.0.jar;C:\Users\Administrator\.m2\repository\com\sun\xml\bind\jaxb-impl\2.3.0\jaxb-impl-2.3.0.jar;C:\Users\Administrator\.m2\repository\javax\activation\activation\1.1.1\activation-1.1.1.jar;C:\Users\Administrator\.m2\repository\info\debatty\java-string-similarity\2.0.0\java-string-similarity-2.0.0.jar;C:\Users\Administrator\.m2\repository\net\jcip\jcip-annotations\1.0\jcip-annotations-1.0.jar;C:\Users\Administrator\.m2\repository\org\drools\drools-core\7.19.0.Final\drools-core-7.19.0.Final.jar;C:\Users\Administrator\.m2\repository\org\mvel\mvel2\2.4.4.Final\mvel2-2.4.4.Final.jar;C:\Users\Administrator\.m2\repository\org\kie\soup\kie-soup-commons\7.19.0.Final\kie-soup-commons-7.19.0.Final.jar;C:\Users\Administrator\.m2\repository\org\kie\soup\kie-soup-project-datamodel-commons\7.19.0.Final\kie-soup-project-datamodel-commons-7.19.0.Final.jar;C:\Users\Administrator\.m2\repository\org\kie\soup\kie-soup-project-datamodel-api\7.19.0.Final\kie-soup-project-datamodel-api-7.19.0.Final.jar;C:\Users\Administrator\.m2\repository\commons-codec\commons-codec\1.10\commons-codec-1.10.jar;C:\Users\Administrator\.m2\repository\org\drools\drools-decisiontables\7.19.0.Final\drools-decisiontables-7.19.0.Final.jar;C:\Users\Administrator\.m2\repository\org\drools\drools-templates\7.19.0.Final\drools-templates-7.19.0.Final.jar;C:\Users\Administrator\.m2\repository\org\apache\poi\poi-ooxml\3.17\poi-ooxml-3.17.jar;C:\Users\Administrator\.m2\repository\org\apache\poi\poi-ooxml-schemas\3.17\poi-ooxml-schemas-3.17.jar;C:\Users\Administrator\.m2\repository\org\apache\xmlbeans\xmlbeans\2.6.0\xmlbeans-2.6.0.jar;C:\Users\Administrator\.m2\repository\com\github\virtuald\curvesapi\1.04\curvesapi-1.04.jar;C:\Users\Administrator\.m2\repository\javax\xml\stream\stax-api\1.0-2\stax-api-1.0-2.jar;C:\Users\Administrator\.m2\repository\org\apache\poi\poi\3.17\poi-3.17.jar;C:\Users\Administrator\.m2\repository\org\apache\commons\commons-collections4\4.1\commons-collections4-4.1.jar;C:\Users\Administrator\.m2\repository\junit\junit\4.13.1\junit-4.13.1.jar;C:\Users\Administrator\.m2\repository\org\hamcrest\hamcrest-core\1.3\hamcrest-core-1.3.jar;C:\Users\Administrator\.m2\repository\me\xdrop\fuzzywuzzy\1.3.1\fuzzywuzzy-1.3.1.jar;C:\Users\Administrator\.m2\repository\com\thoughtworks\xstream\xstream\1.4.17\xstream-1.4.17.jar;C:\Users\Administrator\.m2\repository\io\github\x-stream\mxparser\1.2.1\mxparser-1.2.1.jar;C:\Users\Administrator\.m2\repository\xmlpull\xmlpull\1.1.3.1\xmlpull-1.1.3.1.jar;C:\Users\Administrator\.m2\repository\mysql\mysql-connector-java\8.0.26\mysql-connector-java-8.0.26.jar;C:\Users\Administrator\.m2\repository\com\google\protobuf\protobuf-java\3.11.4\protobuf-java-3.11.4.jar;C:\Users\Administrator\.m2\repository\org\jbpm\jbpm-test\7.19.0.Final\jbpm-test-7.19.0.Final.jar;C:\Users\Administrator\.m2\repository\org\jbpm\jbpm-bpmn2\7.19.0.Final\jbpm-bpmn2-7.19.0.Final.jar;C:\Users\Administrator\.m2\repository\org\jbpm\jbpm-flow-builder\7.19.0.Final\jbpm-flow-builder-7.19.0.Final.jar;C:\Users\Administrator\.m2\repository\org\jbpm\jbpm-flow\7.19.0.Final\jbpm-flow-7.19.0.Final.jar;C:\Users\Administrator\.m2\repository\org\kie\kie-dmn-api\7.19.0.Final\kie-dmn-api-7.19.0.Final.jar;C:\Users\Administrator\.m2\repository\org\kie\kie-dmn-feel\7.19.0.Final\kie-dmn-feel-7.19.0.Final.jar;C:\Users\Administrator\.m2\repository\org\kie\kie-dmn-model\7.19.0.Final\kie-dmn-model-7.19.0.Final.jar;C:\Users\Administrator\.m2\repository\org\antlr\antlr4-runtime\4.5.3\antlr4-runtime-4.5.3.jar;C:\Users\Administrator\.m2\repository\com\github\javaparser\javaparser-core\3.10.2\javaparser-core-3.10.2.jar;C:\Users\Administrator\.m2\repository\org\drools\drools-constraint-parser\7.19.0.Final\drools-constraint-parser-7.19.0.Final.jar;C:\Users\Administrator\.m2\repository\ch\obermuhlner\big-math\2.0.1\big-math-2.0.1.jar;C:\Users\Administrator\.m2\repository\org\kie\kie-dmn-core\7.19.0.Final\kie-dmn-core-7.19.0.Final.jar;C:\Users\Administrator\.m2\repository\org\kie\kie-dmn-backend\7.19.0.Final\kie-dmn-backend-7.19.0.Final.jar;C:\Users\Administrator\.m2\repository\org\drools\drools-canonical-model\7.19.0.Final\drools-canonical-model-7.19.0.Final.jar;C:\Users\Administrator\.m2\repository\org\drools\drools-model-compiler\7.19.0.Final\drools-model-compiler-7.19.0.Final.jar;C:\Users\Administrator\.m2\repository\org\jbpm\jbpm-persistence-jpa\7.19.0.Final\jbpm-persistence-jpa-7.19.0.Final.jar;C:\Users\Administrator\.m2\repository\org\jbpm\jbpm-persistence-api\7.19.0.Final\jbpm-persistence-api-7.19.0.Final.jar;C:\Users\Administrator\.m2\repository\org\drools\drools-persistence-jpa\7.19.0.Final\drools-persistence-jpa-7.19.0.Final.jar;C:\Users\Administrator\.m2\repository\org\drools\drools-persistence-api\7.19.0.Final\drools-persistence-api-7.19.0.Final.jar;C:\Users\Administrator\.m2\repository\org\jbpm\jbpm-audit\7.19.0.Final\jbpm-audit-7.19.0.Final.jar;C:\Users\Administrator\.m2\repository\org\jbpm\jbpm-query-jpa\7.19.0.Final\jbpm-query-jpa-7.19.0.Final.jar;C:\Users\Administrator\.m2\repository\org\jbpm\jbpm-human-task-core\7.19.0.Final\jbpm-human-task-core-7.19.0.Final.jar;C:\Users\Administrator\.m2\repository\org\jboss\spec\javax\annotation\jboss-annotations-api_1.2_spec\1.0.0.Final\jboss-annotations-api_1.2_spec-1.0.0.Final.jar;C:\Users\Administrator\.m2\repository\javax\mail\mail\1.4.5\mail-1.4.5.jar;C:\Users\Administrator\.m2\repository\com\fasterxml\jackson\core\jackson-annotations\2.9.5\jackson-annotations-2.9.5.jar;C:\Users\Administrator\.m2\repository\com\fasterxml\jackson\core\jackson-core\2.9.5\jackson-core-2.9.5.jar;C:\Users\Administrator\.m2\repository\com\fasterxml\jackson\core\jackson-databind\2.9.5\jackson-databind-2.9.5.jar;C:\Users\Administrator\.m2\repository\org\jbpm\jbpm-human-task-workitems\7.19.0.Final\jbpm-human-task-workitems-7.19.0.Final.jar;C:\Users\Administrator\.m2\repository\org\jbpm\jbpm-shared-services\7.19.0.Final\jbpm-shared-services-7.19.0.Final.jar;C:\Users\Administrator\.m2\repository\org\jbpm\jbpm-services-api\7.19.0.Final\jbpm-services-api-7.19.0.Final.jar;C:\Users\Administrator\.m2\repository\org\jbpm\jbpm-case-mgmt-api\7.19.0.Final\jbpm-case-mgmt-api-7.19.0.Final.jar;C:\Users\Administrator\.m2\repository\org\jbpm\jbpm-runtime-manager\7.19.0.Final\jbpm-runtime-manager-7.19.0.Final.jar;C:\Users\Administrator\.m2\repository\org\jbpm\jbpm-human-task-audit\7.19.0.Final\jbpm-human-task-audit-7.19.0.Final.jar;C:\Users\Administrator\.m2\repository\org\jbpm\jbpm-human-task-jpa\7.19.0.Final\jbpm-human-task-jpa-7.19.0.Final.jar;C:\Users\Administrator\.m2\repository\com\h2database\h2\1.3.173\h2-1.3.173.jar;C:\Users\Administrator\.m2\repository\org\hibernate\hibernate-entitymanager\5.3.6.Final\hibernate-entitymanager-5.3.6.Final.jar;C:\Users\Administrator\.m2\repository\org\jboss\logging\jboss-logging\3.3.2.Final\jboss-logging-3.3.2.Final.jar;C:\Users\Administrator\.m2\repository\dom4j\dom4j\1.6.1\dom4j-1.6.1.jar;C:\Users\Administrator\.m2\repository\org\hibernate\common\hibernate-commons-annotations\5.0.4.Final\hibernate-commons-annotations-5.0.4.Final.jar;C:\Users\Administrator\.m2\repository\net\bytebuddy\byte-buddy\1.8.17\byte-buddy-1.8.17.jar;C:\Users\Administrator\.m2\repository\org\hibernate\hibernate-core\5.3.6.Final\hibernate-core-5.3.6.Final.jar;C:\Users\Administrator\.m2\repository\antlr\antlr\2.7.7\antlr-2.7.7.jar;C:\Users\Administrator\.m2\repository\org\jboss\jandex\2.0.5.Final\jandex-2.0.5.Final.jar;C:\Users\Administrator\.m2\repository\com\fasterxml\classmate\1.3.4\classmate-1.3.4.jar;C:\Users\Administrator\.m2\repository\javax\activation\javax.activation-api\1.2.0\javax.activation-api-1.2.0.jar;C:\Users\Administrator\.m2\repository\javax\persistence\javax.persistence-api\2.2\javax.persistence-api-2.2.jar;C:\Users\Administrator\.m2\repository\org\jboss\narayana\jta\narayana-jta\5.9.0.Final\narayana-jta-5.9.0.Final.jar;C:\Users\Administrator\.m2\repository\org\jboss\jboss-transaction-spi\7.6.0.Final\jboss-transaction-spi-7.6.0.Final.jar;C:\Users\Administrator\.m2\repository\org\jboss\spec\javax\resource\jboss-connector-api_1.7_spec\1.0.0.Final\jboss-connector-api_1.7_spec-1.0.0.Final.jar;C:\Users\Administrator\.m2\repository\org\javassist\javassist\3.22.0-GA\javassist-3.22.0-GA.jar;C:\Users\Administrator\.m2\repository\org\jboss\spec\javax\transaction\jboss-transaction-api_1.2_spec\1.0.1.Final\jboss-transaction-api_1.2_spec-1.0.1.Final.jar;C:\Users\Administrator\.m2\repository\org\kie\kie-test-util\7.19.0.Final\kie-test-util-7.19.0.Final.jar;C:\Users\Administrator\.m2\repository\commons-collections\commons-collections\3.2.2\commons-collections-3.2.2.jar;C:\Users\Administrator\.m2\repository\org\apache\tomcat\tomcat-dbcp\9.0.13\tomcat-dbcp-9.0.13.jar;C:\Users\Administrator\.m2\repository\org\apache\tomcat\tomcat-juli\9.0.13\tomcat-juli-9.0.13.jar;C:\Users\Administrator\.m2\repository\simple-jndi\simple-jndi\0.11.4.1\simple-jndi-0.11.4.1.jar;C:\Users\Administrator\.m2\repository\ch\qos\logback\logback-classic\1.1.3\logback-classic-1.1.3.jar;C:\Users\Administrator\.m2\repository\ch\qos\logback\logback-core\1.1.3\logback-core-1.1.3.jar;C:\Users\Administrator\.m2\repository\org\jbpm\jbpm-test-util\7.19.0.Final\jbpm-test-util-7.19.0.Final.jar;C:\Users\Administrator\.m2\repository\org\ini4j\ini4j\0.5.4\ini4j-0.5.4.jar;"/>
    <property name="sun.cpu.endian" value="little"/>
    <property name="user.home" value="C:\Users\Administrator"/>
    <property name="user.language" value="zh"/>
    <property name="java.specification.vendor" value="Oracle Corporation"/>
    <property name="java.version.date" value="2021-07-20"/>
    <property name="java.home" value="D:\NUS\java\jdk-11.0.12"/>
    <property name="file.separator" value="\"/>
    <property name="basedir" value="D:\NUS\IS\IRS_practice_module\javaworkspace\optaplanner"/>
    <property name="java.vm.compressedOopsMode" value="Zero based"/>
    <property name="line.separator" value="&#10;"/>
    <property name="java.specification.name" value="Java Platform API Specification"/>
    <property name="java.vm.specification.vendor" value="Oracle Corporation"/>
    <property name="java.awt.graphicsenv" value="sun.awt.Win32GraphicsEnvironment"/>
    <property name="surefire.real.class.path" value="C:\Users\ADMINI~1\AppData\Local\Temp\surefire11072919007112292338\surefirebooter17210895477719718633.jar"/>
    <property name="user.script" value=""/>
    <property name="sun.management.compiler" value="HotSpot 64-Bit Tiered Compilers"/>
    <property name="java.runtime.version" value="11.0.12+8-LTS-237"/>
    <property name="user.name" value="Administrator"/>
    <property name="path.separator" value=";"/>
    <property name="os.version" value="10.0"/>
    <property name="java.runtime.name" value="Java(TM) SE Runtime Environment"/>
    <property name="file.encoding" value="GBK"/>
    <property name="java.vm.name" value="Java HotSpot(TM) 64-Bit Server VM"/>
    <property name="java.vendor.version" value="18.9"/>
    <property name="localRepository" value="C:\Users\Administrator\.m2\repository"/>
    <property name="java.vendor.url.bug" value="https://bugreport.java.com/bugreport/"/>
    <property name="java.io.tmpdir" value="C:\Users\ADMINI~1\AppData\Local\Temp\"/>
    <property name="java.version" value="11.0.12"/>
    <property name="user.dir" value="D:\NUS\IS\IRS_practice_module\javaworkspace\optaplanner"/>
    <property name="os.arch" value="amd64"/>
    <property name="java.vm.specification.name" value="Java Virtual Machine Specification"/>
    <property name="java.awt.printerjob" value="sun.awt.windows.WPrinterJob"/>
    <property name="sun.os.patch.level" value=""/>
    <property name="java.library.path" value="D:\NUS\java\jdk-11.0.12\bin;C:\Windows\Sun\Java\bin;C:\Windows\system32;C:\Windows;C:\Program Files\NVIDIA GPU Computing Toolkit\CUDA\v11.4\bin;C:\Program Files\NVIDIA GPU Computing Toolkit\CUDA\v11.4\libnvvp;C:\Program Files\Common Files\Oracle\Java\javapath;C:\Program Files (x86)\Common Files\Oracle\Java\javapath;C:\Program Files\NVIDIA GPU Computing Toolkit\CUDA\v11.3\bin;C:\Program Files\NVIDIA GPU Computing Toolkit\CUDA\v11.3\libnvvp;D:\Research\anaconda;D:\Research\anaconda\Library\mingw-w64\bin;D:\Research\anaconda\Library\usr\bin;D:\Research\anaconda\Library\bin;D:\Research\anaconda\Scripts;C:\Windows\system32;C:\Windows;C:\Windows\System32\Wbem;C:\Windows\System32\WindowsPowerShell\v1.0\;C:\Windows\System32\OpenSSH\;C:\Program Files\Microsoft VS Code\bin;D:\bohai_bank\xshell\;D:\ffmpeg-N-101865-g3e16d1c8a6-win64-gpl-shared\bin;C:\Program Files (x86)\NVIDIA Corporation\PhysX\Common;C:\Program Files\NVIDIA Corporation\NVIDIA NvDLISR;D:\NUS\Graphviz\bin;C:\Program Files\Docker\Docker\resources\bin;C:\ProgramData\DockerDesktop\version-bin;D:\NUS\IS\MR\apache-maven-3.8.1\bin;D:\Program files\tomcat\bin;CLASSPATH;D:\NUS\java\jdk-11.0.12\bin;D:\NUS\java\jdk-11.0.12\jre\bin;D:\Program files\tomcat\lib;C:\Program Files\NVIDIA Corporation\Nsight Compute 2021.2.2\;D:\NUS\java\jdk-11.0.12\bin;D:\NUS\java\jdk-11.0.12\jre\bin;C:\Users\Administrator\AppData\Local\Microsoft\WindowsApps;D:\Research\pycharm\PyCharm 2020.2.3\bin;;D:\bohai_bank\apache-ant-1.7.1\bin;D:\ffmpeg-N-101865-g3e16d1c8a6-win64-gpl-shared\bin;D:\NUS\IS\MR\apache-maven-3.8.1\bin;D:\Program files\tomcat\bin;D:\Program files\IDEA\IntelliJ IDEA 2021.2.1\bin;;;."/>
    <property name="java.vendor" value="Oracle Corporation"/>
    <property name="java.vm.info" value="mixed mode"/>
    <property name="java.vm.version" value="11.0.12+8-LTS-237"/>
    <property name="sun.io.unicode.encoding" value="UnicodeLittle"/>
    <property name="java.class.version" value="55.0"/>
  </properties>
  <testcase name="shouldAnswerWithTrue" classname="com.IRS.optaplanner.AppTest" time="0.003"/>
</testsuite>